<?xml version="1.0" encoding="UTF-8"?>
<testsuite xmlns:xsi="http://www.w3.org/2001/XMLSchema-instance" xsi:noNamespaceSchemaLocation="https://maven.apache.org/surefire/maven-surefire-plugin/xsd/surefire-test-report.xsd" version="3.0.2" name="com.nnk.springboot.integration.RuleNameIntegrationTest" time="0.054" tests="3" errors="0" skipped="0" failures="0">
  <properties>
    <property name="java.specification.version" value="17"/>
    <property name="sun.jnu.encoding" value="UTF-8"/>
    <property name="java.class.path" value="/home/nicolas/Documents/OpenClassroom - Java/Projet7-Backend-Sécurité/Poseiden-skeleton/target/test-classes:/home/nicolas/Documents/OpenClassroom - Java/Projet7-Backend-Sécurité/Poseiden-skeleton/target/classes:/home/nicolas/.m2/repository/org/springframework/boot/spring-boot-starter-data-jpa/3.4.1/spring-boot-starter-data-jpa-3.4.1.jar:/home/nicolas/.m2/repository/org/springframework/boot/spring-boot-starter/3.4.1/spring-boot-starter-3.4.1.jar:/home/nicolas/.m2/repository/org/springframework/boot/spring-boot-starter-logging/3.4.1/spring-boot-starter-logging-3.4.1.jar:/home/nicolas/.m2/repository/ch/qos/logback/logback-classic/1.5.12/logback-classic-1.5.12.jar:/home/nicolas/.m2/repository/ch/qos/logback/logback-core/1.5.12/logback-core-1.5.12.jar:/home/nicolas/.m2/repository/org/apache/logging/log4j/log4j-to-slf4j/2.24.3/log4j-to-slf4j-2.24.3.jar:/home/nicolas/.m2/repository/org/slf4j/jul-to-slf4j/2.0.16/jul-to-slf4j-2.0.16.jar:/home/nicolas/.m2/repository/jakarta/annotation/jakarta.annotation-api/2.1.1/jakarta.annotation-api-2.1.1.jar:/home/nicolas/.m2/repository/org/yaml/snakeyaml/2.3/snakeyaml-2.3.jar:/home/nicolas/.m2/repository/org/springframework/boot/spring-boot-starter-jdbc/3.4.1/spring-boot-starter-jdbc-3.4.1.jar:/home/nicolas/.m2/repository/com/zaxxer/HikariCP/5.1.0/HikariCP-5.1.0.jar:/home/nicolas/.m2/repository/org/springframework/spring-jdbc/6.2.1/spring-jdbc-6.2.1.jar:/home/nicolas/.m2/repository/org/hibernate/orm/hibernate-core/6.6.4.Final/hibernate-core-6.6.4.Final.jar:/home/nicolas/.m2/repository/jakarta/persistence/jakarta.persistence-api/3.1.0/jakarta.persistence-api-3.1.0.jar:/home/nicolas/.m2/repository/jakarta/transaction/jakarta.transaction-api/2.0.1/jakarta.transaction-api-2.0.1.jar:/home/nicolas/.m2/repository/org/jboss/logging/jboss-logging/3.6.1.Final/jboss-logging-3.6.1.Final.jar:/home/nicolas/.m2/repository/org/hibernate/common/hibernate-commons-annotations/7.0.3.Final/hibernate-commons-annotations-7.0.3.Final.jar:/home/nicolas/.m2/repository/io/smallrye/jandex/3.2.0/jandex-3.2.0.jar:/home/nicolas/.m2/repository/com/fasterxml/classmate/1.7.0/classmate-1.7.0.jar:/home/nicolas/.m2/repository/net/bytebuddy/byte-buddy/1.15.11/byte-buddy-1.15.11.jar:/home/nicolas/.m2/repository/org/glassfish/jaxb/jaxb-runtime/4.0.5/jaxb-runtime-4.0.5.jar:/home/nicolas/.m2/repository/org/glassfish/jaxb/jaxb-core/4.0.5/jaxb-core-4.0.5.jar:/home/nicolas/.m2/repository/org/eclipse/angus/angus-activation/2.0.2/angus-activation-2.0.2.jar:/home/nicolas/.m2/repository/org/glassfish/jaxb/txw2/4.0.5/txw2-4.0.5.jar:/home/nicolas/.m2/repository/com/sun/istack/istack-commons-runtime/4.1.2/istack-commons-runtime-4.1.2.jar:/home/nicolas/.m2/repository/jakarta/inject/jakarta.inject-api/2.0.1/jakarta.inject-api-2.0.1.jar:/home/nicolas/.m2/repository/org/antlr/antlr4-runtime/4.13.0/antlr4-runtime-4.13.0.jar:/home/nicolas/.m2/repository/org/springframework/data/spring-data-jpa/3.4.1/spring-data-jpa-3.4.1.jar:/home/nicolas/.m2/repository/org/springframework/data/spring-data-commons/3.4.1/spring-data-commons-3.4.1.jar:/home/nicolas/.m2/repository/org/springframework/spring-orm/6.2.1/spring-orm-6.2.1.jar:/home/nicolas/.m2/repository/org/springframework/spring-context/6.2.1/spring-context-6.2.1.jar:/home/nicolas/.m2/repository/org/springframework/spring-tx/6.2.1/spring-tx-6.2.1.jar:/home/nicolas/.m2/repository/org/springframework/spring-beans/6.2.1/spring-beans-6.2.1.jar:/home/nicolas/.m2/repository/org/springframework/spring-aspects/6.2.1/spring-aspects-6.2.1.jar:/home/nicolas/.m2/repository/org/aspectj/aspectjweaver/1.9.22.1/aspectjweaver-1.9.22.1.jar:/home/nicolas/.m2/repository/org/springframework/security/spring-security-test/6.4.2/spring-security-test-6.4.2.jar:/home/nicolas/.m2/repository/org/springframework/security/spring-security-core/6.4.2/spring-security-core-6.4.2.jar:/home/nicolas/.m2/repository/org/springframework/security/spring-security-crypto/6.4.2/spring-security-crypto-6.4.2.jar:/home/nicolas/.m2/repository/org/springframework/spring-expression/6.2.1/spring-expression-6.2.1.jar:/home/nicolas/.m2/repository/io/micrometer/micrometer-observation/1.14.2/micrometer-observation-1.14.2.jar:/home/nicolas/.m2/repository/io/micrometer/micrometer-commons/1.14.2/micrometer-commons-1.14.2.jar:/home/nicolas/.m2/repository/org/springframework/security/spring-security-web/6.4.2/spring-security-web-6.4.2.jar:/home/nicolas/.m2/repository/org/springframework/spring-core/6.2.1/spring-core-6.2.1.jar:/home/nicolas/.m2/repository/org/springframework/spring-jcl/6.2.1/spring-jcl-6.2.1.jar:/home/nicolas/.m2/repository/org/springframework/spring-test/6.2.1/spring-test-6.2.1.jar:/home/nicolas/.m2/repository/org/springframework/boot/spring-boot-starter-web/3.4.1/spring-boot-starter-web-3.4.1.jar:/home/nicolas/.m2/repository/org/springframework/boot/spring-boot-starter-json/3.4.1/spring-boot-starter-json-3.4.1.jar:/home/nicolas/.m2/repository/com/fasterxml/jackson/core/jackson-databind/2.18.2/jackson-databind-2.18.2.jar:/home/nicolas/.m2/repository/com/fasterxml/jackson/core/jackson-annotations/2.18.2/jackson-annotations-2.18.2.jar:/home/nicolas/.m2/repository/com/fasterxml/jackson/core/jackson-core/2.18.2/jackson-core-2.18.2.jar:/home/nicolas/.m2/repository/com/fasterxml/jackson/datatype/jackson-datatype-jdk8/2.18.2/jackson-datatype-jdk8-2.18.2.jar:/home/nicolas/.m2/repository/com/fasterxml/jackson/datatype/jackson-datatype-jsr310/2.18.2/jackson-datatype-jsr310-2.18.2.jar:/home/nicolas/.m2/repository/com/fasterxml/jackson/module/jackson-module-parameter-names/2.18.2/jackson-module-parameter-names-2.18.2.jar:/home/nicolas/.m2/repository/org/springframework/boot/spring-boot-starter-tomcat/3.4.1/spring-boot-starter-tomcat-3.4.1.jar:/home/nicolas/.m2/repository/org/apache/tomcat/embed/tomcat-embed-core/10.1.34/tomcat-embed-core-10.1.34.jar:/home/nicolas/.m2/repository/org/apache/tomcat/embed/tomcat-embed-websocket/10.1.34/tomcat-embed-websocket-10.1.34.jar:/home/nicolas/.m2/repository/org/springframework/spring-web/6.2.1/spring-web-6.2.1.jar:/home/nicolas/.m2/repository/org/springframework/spring-webmvc/6.2.1/spring-webmvc-6.2.1.jar:/home/nicolas/.m2/repository/org/springframework/boot/spring-boot-starter-validation/3.4.1/spring-boot-starter-validation-3.4.1.jar:/home/nicolas/.m2/repository/org/apache/tomcat/embed/tomcat-embed-el/10.1.34/tomcat-embed-el-10.1.34.jar:/home/nicolas/.m2/repository/org/hibernate/validator/hibernate-validator/8.0.2.Final/hibernate-validator-8.0.2.Final.jar:/home/nicolas/.m2/repository/jakarta/validation/jakarta.validation-api/3.0.2/jakarta.validation-api-3.0.2.jar:/home/nicolas/.m2/repository/org/springframework/boot/spring-boot-starter-thymeleaf/3.4.1/spring-boot-starter-thymeleaf-3.4.1.jar:/home/nicolas/.m2/repository/org/thymeleaf/thymeleaf-spring6/3.1.3.RELEASE/thymeleaf-spring6-3.1.3.RELEASE.jar:/home/nicolas/.m2/repository/org/thymeleaf/thymeleaf/3.1.3.RELEASE/thymeleaf-3.1.3.RELEASE.jar:/home/nicolas/.m2/repository/org/attoparser/attoparser/2.0.7.RELEASE/attoparser-2.0.7.RELEASE.jar:/home/nicolas/.m2/repository/org/unbescape/unbescape/1.1.6.RELEASE/unbescape-1.1.6.RELEASE.jar:/home/nicolas/.m2/repository/org/springframework/boot/spring-boot-starter-security/3.4.1/spring-boot-starter-security-3.4.1.jar:/home/nicolas/.m2/repository/org/springframework/spring-aop/6.2.1/spring-aop-6.2.1.jar:/home/nicolas/.m2/repository/org/springframework/security/spring-security-config/6.4.2/spring-security-config-6.4.2.jar:/home/nicolas/.m2/repository/org/springframework/boot/spring-boot-devtools/3.4.1/spring-boot-devtools-3.4.1.jar:/home/nicolas/.m2/repository/org/springframework/boot/spring-boot/3.4.1/spring-boot-3.4.1.jar:/home/nicolas/.m2/repository/org/springframework/boot/spring-boot-autoconfigure/3.4.1/spring-boot-autoconfigure-3.4.1.jar:/home/nicolas/.m2/repository/com/mysql/mysql-connector-j/8.0.33/mysql-connector-j-8.0.33.jar:/home/nicolas/.m2/repository/org/junit/jupiter/junit-jupiter-api/5.11.4/junit-jupiter-api-5.11.4.jar:/home/nicolas/.m2/repository/org/opentest4j/opentest4j/1.3.0/opentest4j-1.3.0.jar:/home/nicolas/.m2/repository/org/junit/platform/junit-platform-commons/1.11.4/junit-platform-commons-1.11.4.jar:/home/nicolas/.m2/repository/org/apiguardian/apiguardian-api/1.1.2/apiguardian-api-1.1.2.jar:/home/nicolas/.m2/repository/org/junit/jupiter/junit-jupiter-engine/5.11.4/junit-jupiter-engine-5.11.4.jar:/home/nicolas/.m2/repository/org/junit/platform/junit-platform-engine/1.11.4/junit-platform-engine-1.11.4.jar:/home/nicolas/.m2/repository/com/h2database/h2/2.3.232/h2-2.3.232.jar:/home/nicolas/.m2/repository/org/springframework/boot/spring-boot-starter-test/3.4.1/spring-boot-starter-test-3.4.1.jar:/home/nicolas/.m2/repository/org/springframework/boot/spring-boot-test/3.4.1/spring-boot-test-3.4.1.jar:/home/nicolas/.m2/repository/org/springframework/boot/spring-boot-test-autoconfigure/3.4.1/spring-boot-test-autoconfigure-3.4.1.jar:/home/nicolas/.m2/repository/com/jayway/jsonpath/json-path/2.9.0/json-path-2.9.0.jar:/home/nicolas/.m2/repository/jakarta/xml/bind/jakarta.xml.bind-api/4.0.2/jakarta.xml.bind-api-4.0.2.jar:/home/nicolas/.m2/repository/jakarta/activation/jakarta.activation-api/2.1.3/jakarta.activation-api-2.1.3.jar:/home/nicolas/.m2/repository/net/minidev/json-smart/2.5.1/json-smart-2.5.1.jar:/home/nicolas/.m2/repository/net/minidev/accessors-smart/2.5.1/accessors-smart-2.5.1.jar:/home/nicolas/.m2/repository/org/ow2/asm/asm/9.6/asm-9.6.jar:/home/nicolas/.m2/repository/org/assertj/assertj-core/3.26.3/assertj-core-3.26.3.jar:/home/nicolas/.m2/repository/org/awaitility/awaitility/4.2.2/awaitility-4.2.2.jar:/home/nicolas/.m2/repository/org/hamcrest/hamcrest/2.2/hamcrest-2.2.jar:/home/nicolas/.m2/repository/org/junit/jupiter/junit-jupiter/5.11.4/junit-jupiter-5.11.4.jar:/home/nicolas/.m2/repository/org/junit/jupiter/junit-jupiter-params/5.11.4/junit-jupiter-params-5.11.4.jar:/home/nicolas/.m2/repository/org/mockito/mockito-core/5.14.2/mockito-core-5.14.2.jar:/home/nicolas/.m2/repository/net/bytebuddy/byte-buddy-agent/1.15.11/byte-buddy-agent-1.15.11.jar:/home/nicolas/.m2/repository/org/objenesis/objenesis/3.3/objenesis-3.3.jar:/home/nicolas/.m2/repository/org/skyscreamer/jsonassert/1.5.3/jsonassert-1.5.3.jar:/home/nicolas/.m2/repository/com/vaadin/external/google/android-json/0.0.20131108.vaadin1/android-json-0.0.20131108.vaadin1.jar:/home/nicolas/.m2/repository/org/xmlunit/xmlunit-core/2.10.0/xmlunit-core-2.10.0.jar:/home/nicolas/.m2/repository/org/projectlombok/lombok/1.18.36/lombok-1.18.36.jar:/home/nicolas/.m2/repository/org/apache/logging/log4j/log4j-core/2.24.3/log4j-core-2.24.3.jar:/home/nicolas/.m2/repository/org/apache/logging/log4j/log4j-api/2.24.3/log4j-api-2.24.3.jar:/home/nicolas/.m2/repository/org/apache/logging/log4j/log4j-slf4j-impl/2.24.3/log4j-slf4j-impl-2.24.3.jar:/home/nicolas/.m2/repository/org/slf4j/slf4j-api/2.0.16/slf4j-api-2.0.16.jar:/home/nicolas/.m2/repository/org/mockito/mockito-junit-jupiter/5.14.2/mockito-junit-jupiter-5.14.2.jar:/home/nicolas/.m2/repository/io/github/cdimascio/dotenv-java/3.0.0/dotenv-java-3.0.0.jar:"/>
    <property name="java.vm.vendor" value="Ubuntu"/>
    <property name="sun.arch.data.model" value="64"/>
    <property name="java.vendor.url" value="https://ubuntu.com/"/>
    <property name="user.timezone" value="Europe/Paris"/>
    <property name="org.jboss.logging.provider" value="slf4j"/>
    <property name="os.name" value="Linux"/>
    <property name="java.vm.specification.version" value="17"/>
    <property name="sun.java.launcher" value="SUN_STANDARD"/>
    <property name="user.country" value="FR"/>
    <property name="sun.boot.library.path" value="/usr/lib/jvm/java-17-openjdk-amd64/lib"/>
    <property name="sun.java.command" value="/home/nicolas/Documents/OpenClassroom - Java/Projet7-Backend-Sécurité/Poseiden-skeleton/target/surefire/surefirebooter-20250608162656992_3.jar /home/nicolas/Documents/OpenClassroom - Java/Projet7-Backend-Sécurité/Poseiden-skeleton/target/surefire 2025-06-08T16-26-56_910-jvmRun1 surefire-20250608162656992_1tmp surefire_0-20250608162656992_2tmp"/>
    <property name="jdk.debug" value="release"/>
    <property name="surefire.test.class.path" value="/home/nicolas/Documents/OpenClassroom - Java/Projet7-Backend-Sécurité/Poseiden-skeleton/target/test-classes:/home/nicolas/Documents/OpenClassroom - Java/Projet7-Backend-Sécurité/Poseiden-skeleton/target/classes:/home/nicolas/.m2/repository/org/springframework/boot/spring-boot-starter-data-jpa/3.4.1/spring-boot-starter-data-jpa-3.4.1.jar:/home/nicolas/.m2/repository/org/springframework/boot/spring-boot-starter/3.4.1/spring-boot-starter-3.4.1.jar:/home/nicolas/.m2/repository/org/springframework/boot/spring-boot-starter-logging/3.4.1/spring-boot-starter-logging-3.4.1.jar:/home/nicolas/.m2/repository/ch/qos/logback/logback-classic/1.5.12/logback-classic-1.5.12.jar:/home/nicolas/.m2/repository/ch/qos/logback/logback-core/1.5.12/logback-core-1.5.12.jar:/home/nicolas/.m2/repository/org/apache/logging/log4j/log4j-to-slf4j/2.24.3/log4j-to-slf4j-2.24.3.jar:/home/nicolas/.m2/repository/org/slf4j/jul-to-slf4j/2.0.16/jul-to-slf4j-2.0.16.jar:/home/nicolas/.m2/repository/jakarta/annotation/jakarta.annotation-api/2.1.1/jakarta.annotation-api-2.1.1.jar:/home/nicolas/.m2/repository/org/yaml/snakeyaml/2.3/snakeyaml-2.3.jar:/home/nicolas/.m2/repository/org/springframework/boot/spring-boot-starter-jdbc/3.4.1/spring-boot-starter-jdbc-3.4.1.jar:/home/nicolas/.m2/repository/com/zaxxer/HikariCP/5.1.0/HikariCP-5.1.0.jar:/home/nicolas/.m2/repository/org/springframework/spring-jdbc/6.2.1/spring-jdbc-6.2.1.jar:/home/nicolas/.m2/repository/org/hibernate/orm/hibernate-core/6.6.4.Final/hibernate-core-6.6.4.Final.jar:/home/nicolas/.m2/repository/jakarta/persistence/jakarta.persistence-api/3.1.0/jakarta.persistence-api-3.1.0.jar:/home/nicolas/.m2/repository/jakarta/transaction/jakarta.transaction-api/2.0.1/jakarta.transaction-api-2.0.1.jar:/home/nicolas/.m2/repository/org/jboss/logging/jboss-logging/3.6.1.Final/jboss-logging-3.6.1.Final.jar:/home/nicolas/.m2/repository/org/hibernate/common/hibernate-commons-annotations/7.0.3.Final/hibernate-commons-annotations-7.0.3.Final.jar:/home/nicolas/.m2/repository/io/smallrye/jandex/3.2.0/jandex-3.2.0.jar:/home/nicolas/.m2/repository/com/fasterxml/classmate/1.7.0/classmate-1.7.0.jar:/home/nicolas/.m2/repository/net/bytebuddy/byte-buddy/1.15.11/byte-buddy-1.15.11.jar:/home/nicolas/.m2/repository/org/glassfish/jaxb/jaxb-runtime/4.0.5/jaxb-runtime-4.0.5.jar:/home/nicolas/.m2/repository/org/glassfish/jaxb/jaxb-core/4.0.5/jaxb-core-4.0.5.jar:/home/nicolas/.m2/repository/org/eclipse/angus/angus-activation/2.0.2/angus-activation-2.0.2.jar:/home/nicolas/.m2/repository/org/glassfish/jaxb/txw2/4.0.5/txw2-4.0.5.jar:/home/nicolas/.m2/repository/com/sun/istack/istack-commons-runtime/4.1.2/istack-commons-runtime-4.1.2.jar:/home/nicolas/.m2/repository/jakarta/inject/jakarta.inject-api/2.0.1/jakarta.inject-api-2.0.1.jar:/home/nicolas/.m2/repository/org/antlr/antlr4-runtime/4.13.0/antlr4-runtime-4.13.0.jar:/home/nicolas/.m2/repository/org/springframework/data/spring-data-jpa/3.4.1/spring-data-jpa-3.4.1.jar:/home/nicolas/.m2/repository/org/springframework/data/spring-data-commons/3.4.1/spring-data-commons-3.4.1.jar:/home/nicolas/.m2/repository/org/springframework/spring-orm/6.2.1/spring-orm-6.2.1.jar:/home/nicolas/.m2/repository/org/springframework/spring-context/6.2.1/spring-context-6.2.1.jar:/home/nicolas/.m2/repository/org/springframework/spring-tx/6.2.1/spring-tx-6.2.1.jar:/home/nicolas/.m2/repository/org/springframework/spring-beans/6.2.1/spring-beans-6.2.1.jar:/home/nicolas/.m2/repository/org/springframework/spring-aspects/6.2.1/spring-aspects-6.2.1.jar:/home/nicolas/.m2/repository/org/aspectj/aspectjweaver/1.9.22.1/aspectjweaver-1.9.22.1.jar:/home/nicolas/.m2/repository/org/springframework/security/spring-security-test/6.4.2/spring-security-test-6.4.2.jar:/home/nicolas/.m2/repository/org/springframework/security/spring-security-core/6.4.2/spring-security-core-6.4.2.jar:/home/nicolas/.m2/repository/org/springframework/security/spring-security-crypto/6.4.2/spring-security-crypto-6.4.2.jar:/home/nicolas/.m2/repository/org/springframework/spring-expression/6.2.1/spring-expression-6.2.1.jar:/home/nicolas/.m2/repository/io/micrometer/micrometer-observation/1.14.2/micrometer-observation-1.14.2.jar:/home/nicolas/.m2/repository/io/micrometer/micrometer-commons/1.14.2/micrometer-commons-1.14.2.jar:/home/nicolas/.m2/repository/org/springframework/security/spring-security-web/6.4.2/spring-security-web-6.4.2.jar:/home/nicolas/.m2/repository/org/springframework/spring-core/6.2.1/spring-core-6.2.1.jar:/home/nicolas/.m2/repository/org/springframework/spring-jcl/6.2.1/spring-jcl-6.2.1.jar:/home/nicolas/.m2/repository/org/springframework/spring-test/6.2.1/spring-test-6.2.1.jar:/home/nicolas/.m2/repository/org/springframework/boot/spring-boot-starter-web/3.4.1/spring-boot-starter-web-3.4.1.jar:/home/nicolas/.m2/repository/org/springframework/boot/spring-boot-starter-json/3.4.1/spring-boot-starter-json-3.4.1.jar:/home/nicolas/.m2/repository/com/fasterxml/jackson/core/jackson-databind/2.18.2/jackson-databind-2.18.2.jar:/home/nicolas/.m2/repository/com/fasterxml/jackson/core/jackson-annotations/2.18.2/jackson-annotations-2.18.2.jar:/home/nicolas/.m2/repository/com/fasterxml/jackson/core/jackson-core/2.18.2/jackson-core-2.18.2.jar:/home/nicolas/.m2/repository/com/fasterxml/jackson/datatype/jackson-datatype-jdk8/2.18.2/jackson-datatype-jdk8-2.18.2.jar:/home/nicolas/.m2/repository/com/fasterxml/jackson/datatype/jackson-datatype-jsr310/2.18.2/jackson-datatype-jsr310-2.18.2.jar:/home/nicolas/.m2/repository/com/fasterxml/jackson/module/jackson-module-parameter-names/2.18.2/jackson-module-parameter-names-2.18.2.jar:/home/nicolas/.m2/repository/org/springframework/boot/spring-boot-starter-tomcat/3.4.1/spring-boot-starter-tomcat-3.4.1.jar:/home/nicolas/.m2/repository/org/apache/tomcat/embed/tomcat-embed-core/10.1.34/tomcat-embed-core-10.1.34.jar:/home/nicolas/.m2/repository/org/apache/tomcat/embed/tomcat-embed-websocket/10.1.34/tomcat-embed-websocket-10.1.34.jar:/home/nicolas/.m2/repository/org/springframework/spring-web/6.2.1/spring-web-6.2.1.jar:/home/nicolas/.m2/repository/org/springframework/spring-webmvc/6.2.1/spring-webmvc-6.2.1.jar:/home/nicolas/.m2/repository/org/springframework/boot/spring-boot-starter-validation/3.4.1/spring-boot-starter-validation-3.4.1.jar:/home/nicolas/.m2/repository/org/apache/tomcat/embed/tomcat-embed-el/10.1.34/tomcat-embed-el-10.1.34.jar:/home/nicolas/.m2/repository/org/hibernate/validator/hibernate-validator/8.0.2.Final/hibernate-validator-8.0.2.Final.jar:/home/nicolas/.m2/repository/jakarta/validation/jakarta.validation-api/3.0.2/jakarta.validation-api-3.0.2.jar:/home/nicolas/.m2/repository/org/springframework/boot/spring-boot-starter-thymeleaf/3.4.1/spring-boot-starter-thymeleaf-3.4.1.jar:/home/nicolas/.m2/repository/org/thymeleaf/thymeleaf-spring6/3.1.3.RELEASE/thymeleaf-spring6-3.1.3.RELEASE.jar:/home/nicolas/.m2/repository/org/thymeleaf/thymeleaf/3.1.3.RELEASE/thymeleaf-3.1.3.RELEASE.jar:/home/nicolas/.m2/repository/org/attoparser/attoparser/2.0.7.RELEASE/attoparser-2.0.7.RELEASE.jar:/home/nicolas/.m2/repository/org/unbescape/unbescape/1.1.6.RELEASE/unbescape-1.1.6.RELEASE.jar:/home/nicolas/.m2/repository/org/springframework/boot/spring-boot-starter-security/3.4.1/spring-boot-starter-security-3.4.1.jar:/home/nicolas/.m2/repository/org/springframework/spring-aop/6.2.1/spring-aop-6.2.1.jar:/home/nicolas/.m2/repository/org/springframework/security/spring-security-config/6.4.2/spring-security-config-6.4.2.jar:/home/nicolas/.m2/repository/org/springframework/boot/spring-boot-devtools/3.4.1/spring-boot-devtools-3.4.1.jar:/home/nicolas/.m2/repository/org/springframework/boot/spring-boot/3.4.1/spring-boot-3.4.1.jar:/home/nicolas/.m2/repository/org/springframework/boot/spring-boot-autoconfigure/3.4.1/spring-boot-autoconfigure-3.4.1.jar:/home/nicolas/.m2/repository/com/mysql/mysql-connector-j/8.0.33/mysql-connector-j-8.0.33.jar:/home/nicolas/.m2/repository/org/junit/jupiter/junit-jupiter-api/5.11.4/junit-jupiter-api-5.11.4.jar:/home/nicolas/.m2/repository/org/opentest4j/opentest4j/1.3.0/opentest4j-1.3.0.jar:/home/nicolas/.m2/repository/org/junit/platform/junit-platform-commons/1.11.4/junit-platform-commons-1.11.4.jar:/home/nicolas/.m2/repository/org/apiguardian/apiguardian-api/1.1.2/apiguardian-api-1.1.2.jar:/home/nicolas/.m2/repository/org/junit/jupiter/junit-jupiter-engine/5.11.4/junit-jupiter-engine-5.11.4.jar:/home/nicolas/.m2/repository/org/junit/platform/junit-platform-engine/1.11.4/junit-platform-engine-1.11.4.jar:/home/nicolas/.m2/repository/com/h2database/h2/2.3.232/h2-2.3.232.jar:/home/nicolas/.m2/repository/org/springframework/boot/spring-boot-starter-test/3.4.1/spring-boot-starter-test-3.4.1.jar:/home/nicolas/.m2/repository/org/springframework/boot/spring-boot-test/3.4.1/spring-boot-test-3.4.1.jar:/home/nicolas/.m2/repository/org/springframework/boot/spring-boot-test-autoconfigure/3.4.1/spring-boot-test-autoconfigure-3.4.1.jar:/home/nicolas/.m2/repository/com/jayway/jsonpath/json-path/2.9.0/json-path-2.9.0.jar:/home/nicolas/.m2/repository/jakarta/xml/bind/jakarta.xml.bind-api/4.0.2/jakarta.xml.bind-api-4.0.2.jar:/home/nicolas/.m2/repository/jakarta/activation/jakarta.activation-api/2.1.3/jakarta.activation-api-2.1.3.jar:/home/nicolas/.m2/repository/net/minidev/json-smart/2.5.1/json-smart-2.5.1.jar:/home/nicolas/.m2/repository/net/minidev/accessors-smart/2.5.1/accessors-smart-2.5.1.jar:/home/nicolas/.m2/repository/org/ow2/asm/asm/9.6/asm-9.6.jar:/home/nicolas/.m2/repository/org/assertj/assertj-core/3.26.3/assertj-core-3.26.3.jar:/home/nicolas/.m2/repository/org/awaitility/awaitility/4.2.2/awaitility-4.2.2.jar:/home/nicolas/.m2/repository/org/hamcrest/hamcrest/2.2/hamcrest-2.2.jar:/home/nicolas/.m2/repository/org/junit/jupiter/junit-jupiter/5.11.4/junit-jupiter-5.11.4.jar:/home/nicolas/.m2/repository/org/junit/jupiter/junit-jupiter-params/5.11.4/junit-jupiter-params-5.11.4.jar:/home/nicolas/.m2/repository/org/mockito/mockito-core/5.14.2/mockito-core-5.14.2.jar:/home/nicolas/.m2/repository/net/bytebuddy/byte-buddy-agent/1.15.11/byte-buddy-agent-1.15.11.jar:/home/nicolas/.m2/repository/org/objenesis/objenesis/3.3/objenesis-3.3.jar:/home/nicolas/.m2/repository/org/skyscreamer/jsonassert/1.5.3/jsonassert-1.5.3.jar:/home/nicolas/.m2/repository/com/vaadin/external/google/android-json/0.0.20131108.vaadin1/android-json-0.0.20131108.vaadin1.jar:/home/nicolas/.m2/repository/org/xmlunit/xmlunit-core/2.10.0/xmlunit-core-2.10.0.jar:/home/nicolas/.m2/repository/org/projectlombok/lombok/1.18.36/lombok-1.18.36.jar:/home/nicolas/.m2/repository/org/apache/logging/log4j/log4j-core/2.24.3/log4j-core-2.24.3.jar:/home/nicolas/.m2/repository/org/apache/logging/log4j/log4j-api/2.24.3/log4j-api-2.24.3.jar:/home/nicolas/.m2/repository/org/apache/logging/log4j/log4j-slf4j-impl/2.24.3/log4j-slf4j-impl-2.24.3.jar:/home/nicolas/.m2/repository/org/slf4j/slf4j-api/2.0.16/slf4j-api-2.0.16.jar:/home/nicolas/.m2/repository/org/mockito/mockito-junit-jupiter/5.14.2/mockito-junit-jupiter-5.14.2.jar:/home/nicolas/.m2/repository/io/github/cdimascio/dotenv-java/3.0.0/dotenv-java-3.0.0.jar:"/>
    <property name="sun.cpu.endian" value="little"/>
    <property name="user.home" value="/home/nicolas"/>
    <property name="user.language" value="fr"/>
    <property name="java.specification.vendor" value="Oracle Corporation"/>
    <property name="java.version.date" value="2025-04-15"/>
    <property name="java.home" value="/usr/lib/jvm/java-17-openjdk-amd64"/>
    <property name="spring.profiles.active" value="test"/>
    <property name="file.separator" value="/"/>
    <property name="style.color" value="always"/>
    <property name="basedir" value="/home/nicolas/Documents/OpenClassroom - Java/Projet7-Backend-Sécurité/Poseiden-skeleton"/>
    <property name="java.vm.compressedOopsMode" value="32-bit"/>
    <property name="line.separator" value="&#10;"/>
    <property name="java.vm.specification.vendor" value="Oracle Corporation"/>
    <property name="java.specification.name" value="Java Platform API Specification"/>
    <property name="FILE_LOG_CHARSET" value="UTF-8"/>
    <property name="java.awt.headless" value="true"/>
    <property name="surefire.real.class.path" value="/home/nicolas/Documents/OpenClassroom - Java/Projet7-Backend-Sécurité/Poseiden-skeleton/target/surefire/surefirebooter-20250608162656992_3.jar"/>
    <property name="sun.management.compiler" value="HotSpot 64-Bit Tiered Compilers"/>
    <property name="java.runtime.version" value="17.0.15+6-Ubuntu-0ubuntu124.04"/>
    <property name="user.name" value="nicolas"/>
    <property name="path.separator" value=":"/>
    <property name="os.version" value="6.8.0-60-generic"/>
    <property name="java.runtime.name" value="OpenJDK Runtime Environment"/>
    <property name="file.encoding" value="UTF-8"/>
    <property name="java.vm.name" value="OpenJDK 64-Bit Server VM"/>
    <property name="localRepository" value="/home/nicolas/.m2/repository"/>
    <property name="java.vendor.url.bug" value="https://bugs.launchpad.net/ubuntu/+source/openjdk-17"/>
    <property name="java.io.tmpdir" value="/tmp"/>
    <property name="com.zaxxer.hikari.pool_number" value="2"/>
    <property name="java.version" value="17.0.15"/>
    <property name="user.dir" value="/home/nicolas/Documents/OpenClassroom - Java/Projet7-Backend-Sécurité/Poseiden-skeleton"/>
    <property name="os.arch" value="amd64"/>
    <property name="java.vm.specification.name" value="Java Virtual Machine Specification"/>
    <property name="PID" value="13266"/>
    <property name="CONSOLE_LOG_CHARSET" value="UTF-8"/>
    <property name="native.encoding" value="UTF-8"/>
    <property name="java.library.path" value="/usr/java/packages/lib:/usr/lib/x86_64-linux-gnu/jni:/lib/x86_64-linux-gnu:/usr/lib/x86_64-linux-gnu:/usr/lib/jni:/lib:/usr/lib"/>
    <property name="java.vm.info" value="mixed mode, sharing"/>
    <property name="java.vendor" value="Ubuntu"/>
    <property name="java.vm.version" value="17.0.15+6-Ubuntu-0ubuntu124.04"/>
    <property name="java.specification.maintenance.version" value="1"/>
    <property name="sun.io.unicode.encoding" value="UnicodeLittle"/>
    <property name="java.class.version" value="61.0"/>
  </properties>
  <testcase name="deleteRuleName_test" classname="com.nnk.springboot.integration.RuleNameIntegrationTest" time="0.022">
    <system-out><![CDATA[2025-06-08T16:27:08.068+02:00  INFO 13266 --- [           main] t.c.s.AnnotationConfigContextLoaderUtils : Could not detect default configuration classes for test class [com.nnk.springboot.integration.RuleNameIntegrationTest]: RuleNameIntegrationTest does not declare any static, non-private, non-final, nested classes annotated with @Configuration.
2025-06-08T16:27:08.070+02:00  INFO 13266 --- [           main] .b.t.c.SpringBootTestContextBootstrapper : Found @SpringBootConfiguration com.nnk.springboot.Application for test class com.nnk.springboot.integration.RuleNameIntegrationTest
2025-06-08T16:27:08.079+02:00  INFO 13266 --- [           main] c.n.s.controllers.RuleNameController     : Nom de règle ajouté avec succès.
2025-06-08T16:27:08.080+02:00  INFO 13266 --- [           main] c.n.s.s.implService.RuleNameServiceImpl  : Adding new RuleName: RuleName(id=null, name=name test, description=desciption test, json=jsonTest, template=templateTest, sqlStr=sqlStrTest, sqlPart=sqlPartTest)
Hibernate: select next value for rulename_seq
2025-06-08T16:27:08.081+02:00  INFO 13266 --- [           main] c.n.s.s.implService.RuleNameServiceImpl  : Successfully added new RuleName: RuleName(id=1, name=name test, description=desciption test, json=jsonTest, template=templateTest, sqlStr=sqlStrTest, sqlPart=sqlPartTest)
2025-06-08T16:27:08.082+02:00  INFO 13266 --- [           main] c.n.s.s.implService.RuleNameServiceImpl  : Fetching all RuleNames from the repository.
Hibernate: insert into rulename (description,json,name,sql_part,sql_str,template,id) values (?,?,?,?,?,?,?)
Hibernate: select rn1_0.id,rn1_0.description,rn1_0.json,rn1_0.name,rn1_0.sql_part,rn1_0.sql_str,rn1_0.template from rulename rn1_0
2025-06-08T16:27:08.085+02:00  INFO 13266 --- [           main] c.n.s.s.implService.RuleNameServiceImpl  : Successfully fetched 1 RuleNames.
2025-06-08T16:27:08.087+02:00  INFO 13266 --- [           main] c.n.s.controllers.RuleNameController     : Suppression du nom de règle avec l'id : 1
2025-06-08T16:27:08.087+02:00  INFO 13266 --- [           main] c.n.s.s.implService.RuleNameServiceImpl  : Deleting RuleName with ID: 1
2025-06-08T16:27:08.087+02:00  INFO 13266 --- [           main] c.n.s.s.implService.RuleNameServiceImpl  : Fetching RuleName with ID: 1
2025-06-08T16:27:08.089+02:00  INFO 13266 --- [           main] c.n.s.s.implService.RuleNameServiceImpl  : Successfully fetched RuleName with ID: 1
2025-06-08T16:27:08.089+02:00  INFO 13266 --- [           main] c.n.s.s.implService.RuleNameServiceImpl  : Successfully deleted RuleName with ID: 1
2025-06-08T16:27:08.090+02:00  INFO 13266 --- [           main] c.n.s.s.implService.RuleNameServiceImpl  : Fetching all RuleNames from the repository.
Hibernate: delete from rulename where id=?
Hibernate: select rn1_0.id,rn1_0.description,rn1_0.json,rn1_0.name,rn1_0.sql_part,rn1_0.sql_str,rn1_0.template from rulename rn1_0
2025-06-08T16:27:08.092+02:00  INFO 13266 --- [           main] c.n.s.s.implService.RuleNameServiceImpl  : Successfully fetched 0 RuleNames.
]]></system-out>
  </testcase>
  <testcase name="addRuleName_test" classname="com.nnk.springboot.integration.RuleNameIntegrationTest" time="0.008">
    <system-out><![CDATA[2025-06-08T16:27:08.100+02:00  INFO 13266 --- [           main] c.n.s.controllers.RuleNameController     : Nom de règle ajouté avec succès.
2025-06-08T16:27:08.101+02:00  INFO 13266 --- [           main] c.n.s.s.implService.RuleNameServiceImpl  : Adding new RuleName: RuleName(id=null, name=name test, description=desciption test, json=jsonTest, template=templateTest, sqlStr=sqlStrTest, sqlPart=sqlPartTest)
Hibernate: select next value for rulename_seq
2025-06-08T16:27:08.101+02:00  INFO 13266 --- [           main] c.n.s.s.implService.RuleNameServiceImpl  : Successfully added new RuleName: RuleName(id=2, name=name test, description=desciption test, json=jsonTest, template=templateTest, sqlStr=sqlStrTest, sqlPart=sqlPartTest)
]]></system-out>
  </testcase>
  <testcase name="updateRuleName_test" classname="com.nnk.springboot.integration.RuleNameIntegrationTest" time="0.016">
    <system-out><![CDATA[2025-06-08T16:27:08.107+02:00  INFO 13266 --- [           main] c.n.s.controllers.RuleNameController     : Nom de règle ajouté avec succès.
2025-06-08T16:27:08.108+02:00  INFO 13266 --- [           main] c.n.s.s.implService.RuleNameServiceImpl  : Adding new RuleName: RuleName(id=null, name=name test, description=desciption test, json=jsonTest, template=templateTest, sqlStr=sqlStrTest, sqlPart=sqlPartTest)
2025-06-08T16:27:08.108+02:00  INFO 13266 --- [           main] c.n.s.s.implService.RuleNameServiceImpl  : Successfully added new RuleName: RuleName(id=3, name=name test, description=desciption test, json=jsonTest, template=templateTest, sqlStr=sqlStrTest, sqlPart=sqlPartTest)
2025-06-08T16:27:08.109+02:00  INFO 13266 --- [           main] c.n.s.s.implService.RuleNameServiceImpl  : Fetching all RuleNames from the repository.
Hibernate: insert into rulename (description,json,name,sql_part,sql_str,template,id) values (?,?,?,?,?,?,?)
Hibernate: select rn1_0.id,rn1_0.description,rn1_0.json,rn1_0.name,rn1_0.sql_part,rn1_0.sql_str,rn1_0.template from rulename rn1_0
2025-06-08T16:27:08.111+02:00  INFO 13266 --- [           main] c.n.s.s.implService.RuleNameServiceImpl  : Successfully fetched 1 RuleNames.
2025-06-08T16:27:08.113+02:00  INFO 13266 --- [           main] c.n.s.controllers.RuleNameController     : Nom de règle avec l'id 3 mis à jour avec succès.
2025-06-08T16:27:08.113+02:00  INFO 13266 --- [           main] c.n.s.s.implService.RuleNameServiceImpl  : Updating RuleName with ID: 3
2025-06-08T16:27:08.113+02:00  INFO 13266 --- [           main] c.n.s.s.implService.RuleNameServiceImpl  : Fetching RuleName with ID: 3
2025-06-08T16:27:08.114+02:00  INFO 13266 --- [           main] c.n.s.s.implService.RuleNameServiceImpl  : Successfully fetched RuleName with ID: 3
2025-06-08T16:27:08.114+02:00  INFO 13266 --- [           main] c.n.s.s.implService.RuleNameServiceImpl  : Successfully updated RuleName with ID: 3
2025-06-08T16:27:08.115+02:00  INFO 13266 --- [           main] c.n.s.s.implService.RuleNameServiceImpl  : Fetching all RuleNames from the repository.
Hibernate: update rulename set description=?,json=?,name=?,sql_part=?,sql_str=?,template=? where id=?
Hibernate: select rn1_0.id,rn1_0.description,rn1_0.json,rn1_0.name,rn1_0.sql_part,rn1_0.sql_str,rn1_0.template from rulename rn1_0
2025-06-08T16:27:08.117+02:00  INFO 13266 --- [           main] c.n.s.s.implService.RuleNameServiceImpl  : Successfully fetched 1 RuleNames.
]]></system-out>
  </testcase>
</testsuite>