<?xml version="1.0" encoding="UTF-8"?>
<testsuite xmlns:xsi="http://www.w3.org/2001/XMLSchema-instance" xsi:noNamespaceSchemaLocation="https://maven.apache.org/surefire/maven-surefire-plugin/xsd/surefire-test-report.xsd" version="3.0.2" name="com.nnk.springboot.integration.UserIntegrationTest" time="0.464" tests="4" errors="0" skipped="0" failures="0">
  <properties>
    <property name="java.specification.version" value="21"/>
    <property name="sun.jnu.encoding" value="UTF-8"/>
    <property name="java.class.path" value="/home/nicolas/Documents/OpenClassroom - Java/Projet7-Backend-Sécurité/Poseiden-skeleton/target/test-classes:/home/nicolas/Documents/OpenClassroom - Java/Projet7-Backend-Sécurité/Poseiden-skeleton/target/classes:/home/nicolas/.m2/repository/org/springframework/boot/spring-boot-starter-data-jpa/3.4.1/spring-boot-starter-data-jpa-3.4.1.jar:/home/nicolas/.m2/repository/org/springframework/boot/spring-boot-starter/3.4.1/spring-boot-starter-3.4.1.jar:/home/nicolas/.m2/repository/org/springframework/boot/spring-boot-starter-logging/3.4.1/spring-boot-starter-logging-3.4.1.jar:/home/nicolas/.m2/repository/ch/qos/logback/logback-classic/1.5.12/logback-classic-1.5.12.jar:/home/nicolas/.m2/repository/ch/qos/logback/logback-core/1.5.12/logback-core-1.5.12.jar:/home/nicolas/.m2/repository/org/apache/logging/log4j/log4j-to-slf4j/2.24.3/log4j-to-slf4j-2.24.3.jar:/home/nicolas/.m2/repository/org/slf4j/jul-to-slf4j/2.0.16/jul-to-slf4j-2.0.16.jar:/home/nicolas/.m2/repository/jakarta/annotation/jakarta.annotation-api/2.1.1/jakarta.annotation-api-2.1.1.jar:/home/nicolas/.m2/repository/org/yaml/snakeyaml/2.3/snakeyaml-2.3.jar:/home/nicolas/.m2/repository/org/springframework/boot/spring-boot-starter-jdbc/3.4.1/spring-boot-starter-jdbc-3.4.1.jar:/home/nicolas/.m2/repository/com/zaxxer/HikariCP/5.1.0/HikariCP-5.1.0.jar:/home/nicolas/.m2/repository/org/springframework/spring-jdbc/6.2.1/spring-jdbc-6.2.1.jar:/home/nicolas/.m2/repository/org/hibernate/orm/hibernate-core/6.6.4.Final/hibernate-core-6.6.4.Final.jar:/home/nicolas/.m2/repository/jakarta/persistence/jakarta.persistence-api/3.1.0/jakarta.persistence-api-3.1.0.jar:/home/nicolas/.m2/repository/jakarta/transaction/jakarta.transaction-api/2.0.1/jakarta.transaction-api-2.0.1.jar:/home/nicolas/.m2/repository/org/jboss/logging/jboss-logging/3.6.1.Final/jboss-logging-3.6.1.Final.jar:/home/nicolas/.m2/repository/org/hibernate/common/hibernate-commons-annotations/7.0.3.Final/hibernate-commons-annotations-7.0.3.Final.jar:/home/nicolas/.m2/repository/io/smallrye/jandex/3.2.0/jandex-3.2.0.jar:/home/nicolas/.m2/repository/com/fasterxml/classmate/1.7.0/classmate-1.7.0.jar:/home/nicolas/.m2/repository/net/bytebuddy/byte-buddy/1.15.11/byte-buddy-1.15.11.jar:/home/nicolas/.m2/repository/org/glassfish/jaxb/jaxb-runtime/4.0.5/jaxb-runtime-4.0.5.jar:/home/nicolas/.m2/repository/org/glassfish/jaxb/jaxb-core/4.0.5/jaxb-core-4.0.5.jar:/home/nicolas/.m2/repository/org/eclipse/angus/angus-activation/2.0.2/angus-activation-2.0.2.jar:/home/nicolas/.m2/repository/org/glassfish/jaxb/txw2/4.0.5/txw2-4.0.5.jar:/home/nicolas/.m2/repository/com/sun/istack/istack-commons-runtime/4.1.2/istack-commons-runtime-4.1.2.jar:/home/nicolas/.m2/repository/jakarta/inject/jakarta.inject-api/2.0.1/jakarta.inject-api-2.0.1.jar:/home/nicolas/.m2/repository/org/antlr/antlr4-runtime/4.13.0/antlr4-runtime-4.13.0.jar:/home/nicolas/.m2/repository/org/springframework/data/spring-data-jpa/3.4.1/spring-data-jpa-3.4.1.jar:/home/nicolas/.m2/repository/org/springframework/data/spring-data-commons/3.4.1/spring-data-commons-3.4.1.jar:/home/nicolas/.m2/repository/org/springframework/spring-orm/6.2.1/spring-orm-6.2.1.jar:/home/nicolas/.m2/repository/org/springframework/spring-context/6.2.1/spring-context-6.2.1.jar:/home/nicolas/.m2/repository/org/springframework/spring-tx/6.2.1/spring-tx-6.2.1.jar:/home/nicolas/.m2/repository/org/springframework/spring-beans/6.2.1/spring-beans-6.2.1.jar:/home/nicolas/.m2/repository/org/springframework/spring-aspects/6.2.1/spring-aspects-6.2.1.jar:/home/nicolas/.m2/repository/org/aspectj/aspectjweaver/1.9.22.1/aspectjweaver-1.9.22.1.jar:/home/nicolas/.m2/repository/org/springframework/security/spring-security-test/6.4.2/spring-security-test-6.4.2.jar:/home/nicolas/.m2/repository/org/springframework/security/spring-security-core/6.4.2/spring-security-core-6.4.2.jar:/home/nicolas/.m2/repository/org/springframework/security/spring-security-crypto/6.4.2/spring-security-crypto-6.4.2.jar:/home/nicolas/.m2/repository/org/springframework/spring-expression/6.2.1/spring-expression-6.2.1.jar:/home/nicolas/.m2/repository/io/micrometer/micrometer-observation/1.14.2/micrometer-observation-1.14.2.jar:/home/nicolas/.m2/repository/io/micrometer/micrometer-commons/1.14.2/micrometer-commons-1.14.2.jar:/home/nicolas/.m2/repository/org/springframework/security/spring-security-web/6.4.2/spring-security-web-6.4.2.jar:/home/nicolas/.m2/repository/org/springframework/spring-core/6.2.1/spring-core-6.2.1.jar:/home/nicolas/.m2/repository/org/springframework/spring-jcl/6.2.1/spring-jcl-6.2.1.jar:/home/nicolas/.m2/repository/org/springframework/spring-test/6.2.1/spring-test-6.2.1.jar:/home/nicolas/.m2/repository/org/springframework/boot/spring-boot-starter-web/3.4.1/spring-boot-starter-web-3.4.1.jar:/home/nicolas/.m2/repository/org/springframework/boot/spring-boot-starter-json/3.4.1/spring-boot-starter-json-3.4.1.jar:/home/nicolas/.m2/repository/com/fasterxml/jackson/core/jackson-databind/2.18.2/jackson-databind-2.18.2.jar:/home/nicolas/.m2/repository/com/fasterxml/jackson/core/jackson-annotations/2.18.2/jackson-annotations-2.18.2.jar:/home/nicolas/.m2/repository/com/fasterxml/jackson/core/jackson-core/2.18.2/jackson-core-2.18.2.jar:/home/nicolas/.m2/repository/com/fasterxml/jackson/datatype/jackson-datatype-jdk8/2.18.2/jackson-datatype-jdk8-2.18.2.jar:/home/nicolas/.m2/repository/com/fasterxml/jackson/datatype/jackson-datatype-jsr310/2.18.2/jackson-datatype-jsr310-2.18.2.jar:/home/nicolas/.m2/repository/com/fasterxml/jackson/module/jackson-module-parameter-names/2.18.2/jackson-module-parameter-names-2.18.2.jar:/home/nicolas/.m2/repository/org/springframework/boot/spring-boot-starter-tomcat/3.4.1/spring-boot-starter-tomcat-3.4.1.jar:/home/nicolas/.m2/repository/org/apache/tomcat/embed/tomcat-embed-core/10.1.34/tomcat-embed-core-10.1.34.jar:/home/nicolas/.m2/repository/org/apache/tomcat/embed/tomcat-embed-websocket/10.1.34/tomcat-embed-websocket-10.1.34.jar:/home/nicolas/.m2/repository/org/springframework/spring-web/6.2.1/spring-web-6.2.1.jar:/home/nicolas/.m2/repository/org/springframework/spring-webmvc/6.2.1/spring-webmvc-6.2.1.jar:/home/nicolas/.m2/repository/org/springframework/boot/spring-boot-starter-validation/3.4.1/spring-boot-starter-validation-3.4.1.jar:/home/nicolas/.m2/repository/org/apache/tomcat/embed/tomcat-embed-el/10.1.34/tomcat-embed-el-10.1.34.jar:/home/nicolas/.m2/repository/org/hibernate/validator/hibernate-validator/8.0.2.Final/hibernate-validator-8.0.2.Final.jar:/home/nicolas/.m2/repository/jakarta/validation/jakarta.validation-api/3.0.2/jakarta.validation-api-3.0.2.jar:/home/nicolas/.m2/repository/org/springframework/boot/spring-boot-starter-thymeleaf/3.4.1/spring-boot-starter-thymeleaf-3.4.1.jar:/home/nicolas/.m2/repository/org/thymeleaf/thymeleaf-spring6/3.1.3.RELEASE/thymeleaf-spring6-3.1.3.RELEASE.jar:/home/nicolas/.m2/repository/org/thymeleaf/thymeleaf/3.1.3.RELEASE/thymeleaf-3.1.3.RELEASE.jar:/home/nicolas/.m2/repository/org/attoparser/attoparser/2.0.7.RELEASE/attoparser-2.0.7.RELEASE.jar:/home/nicolas/.m2/repository/org/unbescape/unbescape/1.1.6.RELEASE/unbescape-1.1.6.RELEASE.jar:/home/nicolas/.m2/repository/org/springframework/boot/spring-boot-starter-security/3.4.1/spring-boot-starter-security-3.4.1.jar:/home/nicolas/.m2/repository/org/springframework/spring-aop/6.2.1/spring-aop-6.2.1.jar:/home/nicolas/.m2/repository/org/springframework/security/spring-security-config/6.4.2/spring-security-config-6.4.2.jar:/home/nicolas/.m2/repository/org/springframework/boot/spring-boot-devtools/3.4.1/spring-boot-devtools-3.4.1.jar:/home/nicolas/.m2/repository/org/springframework/boot/spring-boot/3.4.1/spring-boot-3.4.1.jar:/home/nicolas/.m2/repository/org/springframework/boot/spring-boot-autoconfigure/3.4.1/spring-boot-autoconfigure-3.4.1.jar:/home/nicolas/.m2/repository/com/mysql/mysql-connector-j/8.0.33/mysql-connector-j-8.0.33.jar:/home/nicolas/.m2/repository/org/junit/jupiter/junit-jupiter-api/5.11.4/junit-jupiter-api-5.11.4.jar:/home/nicolas/.m2/repository/org/opentest4j/opentest4j/1.3.0/opentest4j-1.3.0.jar:/home/nicolas/.m2/repository/org/junit/platform/junit-platform-commons/1.11.4/junit-platform-commons-1.11.4.jar:/home/nicolas/.m2/repository/org/apiguardian/apiguardian-api/1.1.2/apiguardian-api-1.1.2.jar:/home/nicolas/.m2/repository/org/junit/jupiter/junit-jupiter-engine/5.11.4/junit-jupiter-engine-5.11.4.jar:/home/nicolas/.m2/repository/org/junit/platform/junit-platform-engine/1.11.4/junit-platform-engine-1.11.4.jar:/home/nicolas/.m2/repository/com/h2database/h2/2.3.232/h2-2.3.232.jar:/home/nicolas/.m2/repository/org/springframework/boot/spring-boot-starter-test/3.4.1/spring-boot-starter-test-3.4.1.jar:/home/nicolas/.m2/repository/org/springframework/boot/spring-boot-test/3.4.1/spring-boot-test-3.4.1.jar:/home/nicolas/.m2/repository/org/springframework/boot/spring-boot-test-autoconfigure/3.4.1/spring-boot-test-autoconfigure-3.4.1.jar:/home/nicolas/.m2/repository/com/jayway/jsonpath/json-path/2.9.0/json-path-2.9.0.jar:/home/nicolas/.m2/repository/jakarta/xml/bind/jakarta.xml.bind-api/4.0.2/jakarta.xml.bind-api-4.0.2.jar:/home/nicolas/.m2/repository/jakarta/activation/jakarta.activation-api/2.1.3/jakarta.activation-api-2.1.3.jar:/home/nicolas/.m2/repository/net/minidev/json-smart/2.5.1/json-smart-2.5.1.jar:/home/nicolas/.m2/repository/net/minidev/accessors-smart/2.5.1/accessors-smart-2.5.1.jar:/home/nicolas/.m2/repository/org/ow2/asm/asm/9.6/asm-9.6.jar:/home/nicolas/.m2/repository/org/assertj/assertj-core/3.26.3/assertj-core-3.26.3.jar:/home/nicolas/.m2/repository/org/awaitility/awaitility/4.2.2/awaitility-4.2.2.jar:/home/nicolas/.m2/repository/org/hamcrest/hamcrest/2.2/hamcrest-2.2.jar:/home/nicolas/.m2/repository/org/junit/jupiter/junit-jupiter/5.11.4/junit-jupiter-5.11.4.jar:/home/nicolas/.m2/repository/org/junit/jupiter/junit-jupiter-params/5.11.4/junit-jupiter-params-5.11.4.jar:/home/nicolas/.m2/repository/org/mockito/mockito-core/5.14.2/mockito-core-5.14.2.jar:/home/nicolas/.m2/repository/net/bytebuddy/byte-buddy-agent/1.15.11/byte-buddy-agent-1.15.11.jar:/home/nicolas/.m2/repository/org/objenesis/objenesis/3.3/objenesis-3.3.jar:/home/nicolas/.m2/repository/org/skyscreamer/jsonassert/1.5.3/jsonassert-1.5.3.jar:/home/nicolas/.m2/repository/com/vaadin/external/google/android-json/0.0.20131108.vaadin1/android-json-0.0.20131108.vaadin1.jar:/home/nicolas/.m2/repository/org/xmlunit/xmlunit-core/2.10.0/xmlunit-core-2.10.0.jar:/home/nicolas/.m2/repository/org/projectlombok/lombok/1.18.36/lombok-1.18.36.jar:/home/nicolas/.m2/repository/org/apache/logging/log4j/log4j-core/2.24.3/log4j-core-2.24.3.jar:/home/nicolas/.m2/repository/org/apache/logging/log4j/log4j-api/2.24.3/log4j-api-2.24.3.jar:/home/nicolas/.m2/repository/org/apache/logging/log4j/log4j-slf4j-impl/2.24.3/log4j-slf4j-impl-2.24.3.jar:/home/nicolas/.m2/repository/org/slf4j/slf4j-api/2.0.16/slf4j-api-2.0.16.jar:/home/nicolas/.m2/repository/org/mockito/mockito-junit-jupiter/5.14.2/mockito-junit-jupiter-5.14.2.jar:"/>
    <property name="java.vm.vendor" value="Ubuntu"/>
    <property name="sun.arch.data.model" value="64"/>
    <property name="java.vendor.url" value="https://ubuntu.com/"/>
    <property name="user.timezone" value="Europe/Paris"/>
    <property name="org.jboss.logging.provider" value="slf4j"/>
    <property name="os.name" value="Linux"/>
    <property name="java.vm.specification.version" value="21"/>
    <property name="sun.java.launcher" value="SUN_STANDARD"/>
    <property name="user.country" value="FR"/>
    <property name="sun.boot.library.path" value="/usr/lib/jvm/java-21-openjdk-amd64/lib"/>
    <property name="sun.java.command" value="/home/nicolas/Documents/OpenClassroom - Java/Projet7-Backend-Sécurité/Poseiden-skeleton/target/surefire/surefirebooter-20250530172226802_3.jar /home/nicolas/Documents/OpenClassroom - Java/Projet7-Backend-Sécurité/Poseiden-skeleton/target/surefire 2025-05-30T17-22-26_742-jvmRun1 surefire-20250530172226802_1tmp surefire_0-20250530172226802_2tmp"/>
    <property name="jdk.debug" value="release"/>
    <property name="surefire.test.class.path" value="/home/nicolas/Documents/OpenClassroom - Java/Projet7-Backend-Sécurité/Poseiden-skeleton/target/test-classes:/home/nicolas/Documents/OpenClassroom - Java/Projet7-Backend-Sécurité/Poseiden-skeleton/target/classes:/home/nicolas/.m2/repository/org/springframework/boot/spring-boot-starter-data-jpa/3.4.1/spring-boot-starter-data-jpa-3.4.1.jar:/home/nicolas/.m2/repository/org/springframework/boot/spring-boot-starter/3.4.1/spring-boot-starter-3.4.1.jar:/home/nicolas/.m2/repository/org/springframework/boot/spring-boot-starter-logging/3.4.1/spring-boot-starter-logging-3.4.1.jar:/home/nicolas/.m2/repository/ch/qos/logback/logback-classic/1.5.12/logback-classic-1.5.12.jar:/home/nicolas/.m2/repository/ch/qos/logback/logback-core/1.5.12/logback-core-1.5.12.jar:/home/nicolas/.m2/repository/org/apache/logging/log4j/log4j-to-slf4j/2.24.3/log4j-to-slf4j-2.24.3.jar:/home/nicolas/.m2/repository/org/slf4j/jul-to-slf4j/2.0.16/jul-to-slf4j-2.0.16.jar:/home/nicolas/.m2/repository/jakarta/annotation/jakarta.annotation-api/2.1.1/jakarta.annotation-api-2.1.1.jar:/home/nicolas/.m2/repository/org/yaml/snakeyaml/2.3/snakeyaml-2.3.jar:/home/nicolas/.m2/repository/org/springframework/boot/spring-boot-starter-jdbc/3.4.1/spring-boot-starter-jdbc-3.4.1.jar:/home/nicolas/.m2/repository/com/zaxxer/HikariCP/5.1.0/HikariCP-5.1.0.jar:/home/nicolas/.m2/repository/org/springframework/spring-jdbc/6.2.1/spring-jdbc-6.2.1.jar:/home/nicolas/.m2/repository/org/hibernate/orm/hibernate-core/6.6.4.Final/hibernate-core-6.6.4.Final.jar:/home/nicolas/.m2/repository/jakarta/persistence/jakarta.persistence-api/3.1.0/jakarta.persistence-api-3.1.0.jar:/home/nicolas/.m2/repository/jakarta/transaction/jakarta.transaction-api/2.0.1/jakarta.transaction-api-2.0.1.jar:/home/nicolas/.m2/repository/org/jboss/logging/jboss-logging/3.6.1.Final/jboss-logging-3.6.1.Final.jar:/home/nicolas/.m2/repository/org/hibernate/common/hibernate-commons-annotations/7.0.3.Final/hibernate-commons-annotations-7.0.3.Final.jar:/home/nicolas/.m2/repository/io/smallrye/jandex/3.2.0/jandex-3.2.0.jar:/home/nicolas/.m2/repository/com/fasterxml/classmate/1.7.0/classmate-1.7.0.jar:/home/nicolas/.m2/repository/net/bytebuddy/byte-buddy/1.15.11/byte-buddy-1.15.11.jar:/home/nicolas/.m2/repository/org/glassfish/jaxb/jaxb-runtime/4.0.5/jaxb-runtime-4.0.5.jar:/home/nicolas/.m2/repository/org/glassfish/jaxb/jaxb-core/4.0.5/jaxb-core-4.0.5.jar:/home/nicolas/.m2/repository/org/eclipse/angus/angus-activation/2.0.2/angus-activation-2.0.2.jar:/home/nicolas/.m2/repository/org/glassfish/jaxb/txw2/4.0.5/txw2-4.0.5.jar:/home/nicolas/.m2/repository/com/sun/istack/istack-commons-runtime/4.1.2/istack-commons-runtime-4.1.2.jar:/home/nicolas/.m2/repository/jakarta/inject/jakarta.inject-api/2.0.1/jakarta.inject-api-2.0.1.jar:/home/nicolas/.m2/repository/org/antlr/antlr4-runtime/4.13.0/antlr4-runtime-4.13.0.jar:/home/nicolas/.m2/repository/org/springframework/data/spring-data-jpa/3.4.1/spring-data-jpa-3.4.1.jar:/home/nicolas/.m2/repository/org/springframework/data/spring-data-commons/3.4.1/spring-data-commons-3.4.1.jar:/home/nicolas/.m2/repository/org/springframework/spring-orm/6.2.1/spring-orm-6.2.1.jar:/home/nicolas/.m2/repository/org/springframework/spring-context/6.2.1/spring-context-6.2.1.jar:/home/nicolas/.m2/repository/org/springframework/spring-tx/6.2.1/spring-tx-6.2.1.jar:/home/nicolas/.m2/repository/org/springframework/spring-beans/6.2.1/spring-beans-6.2.1.jar:/home/nicolas/.m2/repository/org/springframework/spring-aspects/6.2.1/spring-aspects-6.2.1.jar:/home/nicolas/.m2/repository/org/aspectj/aspectjweaver/1.9.22.1/aspectjweaver-1.9.22.1.jar:/home/nicolas/.m2/repository/org/springframework/security/spring-security-test/6.4.2/spring-security-test-6.4.2.jar:/home/nicolas/.m2/repository/org/springframework/security/spring-security-core/6.4.2/spring-security-core-6.4.2.jar:/home/nicolas/.m2/repository/org/springframework/security/spring-security-crypto/6.4.2/spring-security-crypto-6.4.2.jar:/home/nicolas/.m2/repository/org/springframework/spring-expression/6.2.1/spring-expression-6.2.1.jar:/home/nicolas/.m2/repository/io/micrometer/micrometer-observation/1.14.2/micrometer-observation-1.14.2.jar:/home/nicolas/.m2/repository/io/micrometer/micrometer-commons/1.14.2/micrometer-commons-1.14.2.jar:/home/nicolas/.m2/repository/org/springframework/security/spring-security-web/6.4.2/spring-security-web-6.4.2.jar:/home/nicolas/.m2/repository/org/springframework/spring-core/6.2.1/spring-core-6.2.1.jar:/home/nicolas/.m2/repository/org/springframework/spring-jcl/6.2.1/spring-jcl-6.2.1.jar:/home/nicolas/.m2/repository/org/springframework/spring-test/6.2.1/spring-test-6.2.1.jar:/home/nicolas/.m2/repository/org/springframework/boot/spring-boot-starter-web/3.4.1/spring-boot-starter-web-3.4.1.jar:/home/nicolas/.m2/repository/org/springframework/boot/spring-boot-starter-json/3.4.1/spring-boot-starter-json-3.4.1.jar:/home/nicolas/.m2/repository/com/fasterxml/jackson/core/jackson-databind/2.18.2/jackson-databind-2.18.2.jar:/home/nicolas/.m2/repository/com/fasterxml/jackson/core/jackson-annotations/2.18.2/jackson-annotations-2.18.2.jar:/home/nicolas/.m2/repository/com/fasterxml/jackson/core/jackson-core/2.18.2/jackson-core-2.18.2.jar:/home/nicolas/.m2/repository/com/fasterxml/jackson/datatype/jackson-datatype-jdk8/2.18.2/jackson-datatype-jdk8-2.18.2.jar:/home/nicolas/.m2/repository/com/fasterxml/jackson/datatype/jackson-datatype-jsr310/2.18.2/jackson-datatype-jsr310-2.18.2.jar:/home/nicolas/.m2/repository/com/fasterxml/jackson/module/jackson-module-parameter-names/2.18.2/jackson-module-parameter-names-2.18.2.jar:/home/nicolas/.m2/repository/org/springframework/boot/spring-boot-starter-tomcat/3.4.1/spring-boot-starter-tomcat-3.4.1.jar:/home/nicolas/.m2/repository/org/apache/tomcat/embed/tomcat-embed-core/10.1.34/tomcat-embed-core-10.1.34.jar:/home/nicolas/.m2/repository/org/apache/tomcat/embed/tomcat-embed-websocket/10.1.34/tomcat-embed-websocket-10.1.34.jar:/home/nicolas/.m2/repository/org/springframework/spring-web/6.2.1/spring-web-6.2.1.jar:/home/nicolas/.m2/repository/org/springframework/spring-webmvc/6.2.1/spring-webmvc-6.2.1.jar:/home/nicolas/.m2/repository/org/springframework/boot/spring-boot-starter-validation/3.4.1/spring-boot-starter-validation-3.4.1.jar:/home/nicolas/.m2/repository/org/apache/tomcat/embed/tomcat-embed-el/10.1.34/tomcat-embed-el-10.1.34.jar:/home/nicolas/.m2/repository/org/hibernate/validator/hibernate-validator/8.0.2.Final/hibernate-validator-8.0.2.Final.jar:/home/nicolas/.m2/repository/jakarta/validation/jakarta.validation-api/3.0.2/jakarta.validation-api-3.0.2.jar:/home/nicolas/.m2/repository/org/springframework/boot/spring-boot-starter-thymeleaf/3.4.1/spring-boot-starter-thymeleaf-3.4.1.jar:/home/nicolas/.m2/repository/org/thymeleaf/thymeleaf-spring6/3.1.3.RELEASE/thymeleaf-spring6-3.1.3.RELEASE.jar:/home/nicolas/.m2/repository/org/thymeleaf/thymeleaf/3.1.3.RELEASE/thymeleaf-3.1.3.RELEASE.jar:/home/nicolas/.m2/repository/org/attoparser/attoparser/2.0.7.RELEASE/attoparser-2.0.7.RELEASE.jar:/home/nicolas/.m2/repository/org/unbescape/unbescape/1.1.6.RELEASE/unbescape-1.1.6.RELEASE.jar:/home/nicolas/.m2/repository/org/springframework/boot/spring-boot-starter-security/3.4.1/spring-boot-starter-security-3.4.1.jar:/home/nicolas/.m2/repository/org/springframework/spring-aop/6.2.1/spring-aop-6.2.1.jar:/home/nicolas/.m2/repository/org/springframework/security/spring-security-config/6.4.2/spring-security-config-6.4.2.jar:/home/nicolas/.m2/repository/org/springframework/boot/spring-boot-devtools/3.4.1/spring-boot-devtools-3.4.1.jar:/home/nicolas/.m2/repository/org/springframework/boot/spring-boot/3.4.1/spring-boot-3.4.1.jar:/home/nicolas/.m2/repository/org/springframework/boot/spring-boot-autoconfigure/3.4.1/spring-boot-autoconfigure-3.4.1.jar:/home/nicolas/.m2/repository/com/mysql/mysql-connector-j/8.0.33/mysql-connector-j-8.0.33.jar:/home/nicolas/.m2/repository/org/junit/jupiter/junit-jupiter-api/5.11.4/junit-jupiter-api-5.11.4.jar:/home/nicolas/.m2/repository/org/opentest4j/opentest4j/1.3.0/opentest4j-1.3.0.jar:/home/nicolas/.m2/repository/org/junit/platform/junit-platform-commons/1.11.4/junit-platform-commons-1.11.4.jar:/home/nicolas/.m2/repository/org/apiguardian/apiguardian-api/1.1.2/apiguardian-api-1.1.2.jar:/home/nicolas/.m2/repository/org/junit/jupiter/junit-jupiter-engine/5.11.4/junit-jupiter-engine-5.11.4.jar:/home/nicolas/.m2/repository/org/junit/platform/junit-platform-engine/1.11.4/junit-platform-engine-1.11.4.jar:/home/nicolas/.m2/repository/com/h2database/h2/2.3.232/h2-2.3.232.jar:/home/nicolas/.m2/repository/org/springframework/boot/spring-boot-starter-test/3.4.1/spring-boot-starter-test-3.4.1.jar:/home/nicolas/.m2/repository/org/springframework/boot/spring-boot-test/3.4.1/spring-boot-test-3.4.1.jar:/home/nicolas/.m2/repository/org/springframework/boot/spring-boot-test-autoconfigure/3.4.1/spring-boot-test-autoconfigure-3.4.1.jar:/home/nicolas/.m2/repository/com/jayway/jsonpath/json-path/2.9.0/json-path-2.9.0.jar:/home/nicolas/.m2/repository/jakarta/xml/bind/jakarta.xml.bind-api/4.0.2/jakarta.xml.bind-api-4.0.2.jar:/home/nicolas/.m2/repository/jakarta/activation/jakarta.activation-api/2.1.3/jakarta.activation-api-2.1.3.jar:/home/nicolas/.m2/repository/net/minidev/json-smart/2.5.1/json-smart-2.5.1.jar:/home/nicolas/.m2/repository/net/minidev/accessors-smart/2.5.1/accessors-smart-2.5.1.jar:/home/nicolas/.m2/repository/org/ow2/asm/asm/9.6/asm-9.6.jar:/home/nicolas/.m2/repository/org/assertj/assertj-core/3.26.3/assertj-core-3.26.3.jar:/home/nicolas/.m2/repository/org/awaitility/awaitility/4.2.2/awaitility-4.2.2.jar:/home/nicolas/.m2/repository/org/hamcrest/hamcrest/2.2/hamcrest-2.2.jar:/home/nicolas/.m2/repository/org/junit/jupiter/junit-jupiter/5.11.4/junit-jupiter-5.11.4.jar:/home/nicolas/.m2/repository/org/junit/jupiter/junit-jupiter-params/5.11.4/junit-jupiter-params-5.11.4.jar:/home/nicolas/.m2/repository/org/mockito/mockito-core/5.14.2/mockito-core-5.14.2.jar:/home/nicolas/.m2/repository/net/bytebuddy/byte-buddy-agent/1.15.11/byte-buddy-agent-1.15.11.jar:/home/nicolas/.m2/repository/org/objenesis/objenesis/3.3/objenesis-3.3.jar:/home/nicolas/.m2/repository/org/skyscreamer/jsonassert/1.5.3/jsonassert-1.5.3.jar:/home/nicolas/.m2/repository/com/vaadin/external/google/android-json/0.0.20131108.vaadin1/android-json-0.0.20131108.vaadin1.jar:/home/nicolas/.m2/repository/org/xmlunit/xmlunit-core/2.10.0/xmlunit-core-2.10.0.jar:/home/nicolas/.m2/repository/org/projectlombok/lombok/1.18.36/lombok-1.18.36.jar:/home/nicolas/.m2/repository/org/apache/logging/log4j/log4j-core/2.24.3/log4j-core-2.24.3.jar:/home/nicolas/.m2/repository/org/apache/logging/log4j/log4j-api/2.24.3/log4j-api-2.24.3.jar:/home/nicolas/.m2/repository/org/apache/logging/log4j/log4j-slf4j-impl/2.24.3/log4j-slf4j-impl-2.24.3.jar:/home/nicolas/.m2/repository/org/slf4j/slf4j-api/2.0.16/slf4j-api-2.0.16.jar:/home/nicolas/.m2/repository/org/mockito/mockito-junit-jupiter/5.14.2/mockito-junit-jupiter-5.14.2.jar:"/>
    <property name="sun.cpu.endian" value="little"/>
    <property name="user.home" value="/home/nicolas"/>
    <property name="user.language" value="fr"/>
    <property name="java.specification.vendor" value="Oracle Corporation"/>
    <property name="java.version.date" value="2025-04-15"/>
    <property name="java.home" value="/usr/lib/jvm/java-21-openjdk-amd64"/>
    <property name="spring.profiles.active" value="test"/>
    <property name="file.separator" value="/"/>
    <property name="basedir" value="/home/nicolas/Documents/OpenClassroom - Java/Projet7-Backend-Sécurité/Poseiden-skeleton"/>
    <property name="java.vm.compressedOopsMode" value="32-bit"/>
    <property name="line.separator" value="&#10;"/>
    <property name="java.vm.specification.vendor" value="Oracle Corporation"/>
    <property name="java.specification.name" value="Java Platform API Specification"/>
    <property name="FILE_LOG_CHARSET" value="UTF-8"/>
    <property name="java.awt.headless" value="true"/>
    <property name="surefire.real.class.path" value="/home/nicolas/Documents/OpenClassroom - Java/Projet7-Backend-Sécurité/Poseiden-skeleton/target/surefire/surefirebooter-20250530172226802_3.jar"/>
    <property name="sun.management.compiler" value="HotSpot 64-Bit Tiered Compilers"/>
    <property name="java.runtime.version" value="21.0.7+6-Ubuntu-0ubuntu124.04"/>
    <property name="user.name" value="nicolas"/>
    <property name="stdout.encoding" value="UTF-8"/>
    <property name="path.separator" value=":"/>
    <property name="os.version" value="6.8.0-60-generic"/>
    <property name="java.runtime.name" value="OpenJDK Runtime Environment"/>
    <property name="file.encoding" value="UTF-8"/>
    <property name="java.vm.name" value="OpenJDK 64-Bit Server VM"/>
    <property name="localRepository" value="/home/nicolas/.m2/repository"/>
    <property name="java.vendor.url.bug" value="https://bugs.launchpad.net/ubuntu/+source/openjdk-21"/>
    <property name="java.io.tmpdir" value="/tmp"/>
    <property name="com.zaxxer.hikari.pool_number" value="2"/>
    <property name="java.version" value="21.0.7"/>
    <property name="user.dir" value="/home/nicolas/Documents/OpenClassroom - Java/Projet7-Backend-Sécurité/Poseiden-skeleton"/>
    <property name="os.arch" value="amd64"/>
    <property name="java.vm.specification.name" value="Java Virtual Machine Specification"/>
    <property name="PID" value="6148"/>
    <property name="CONSOLE_LOG_CHARSET" value="UTF-8"/>
    <property name="native.encoding" value="UTF-8"/>
    <property name="java.library.path" value="/usr/java/packages/lib:/usr/lib/x86_64-linux-gnu/jni:/lib/x86_64-linux-gnu:/usr/lib/x86_64-linux-gnu:/usr/lib/jni:/lib:/usr/lib"/>
    <property name="java.vm.info" value="mixed mode, sharing"/>
    <property name="stderr.encoding" value="UTF-8"/>
    <property name="java.vendor" value="Ubuntu"/>
    <property name="java.vm.version" value="21.0.7+6-Ubuntu-0ubuntu124.04"/>
    <property name="sun.io.unicode.encoding" value="UnicodeLittle"/>
    <property name="java.class.version" value="65.0"/>
  </properties>
  <testcase name="addUser_test" classname="com.nnk.springboot.integration.UserIntegrationTest" time="0.083">
    <system-out><![CDATA[2025-05-30T17:22:38.053+02:00  INFO 6148 --- [           main] t.c.s.AnnotationConfigContextLoaderUtils : Could not detect default configuration classes for test class [com.nnk.springboot.integration.UserIntegrationTest]: UserIntegrationTest does not declare any static, non-private, non-final, nested classes annotated with @Configuration.
2025-05-30T17:22:38.055+02:00  INFO 6148 --- [           main] .b.t.c.SpringBootTestContextBootstrapper : Found @SpringBootConfiguration com.nnk.springboot.Application for test class com.nnk.springboot.integration.UserIntegrationTest
Hibernate: select u1_0.id,u1_0.fullname,u1_0.password,u1_0.role,u1_0.username from users u1_0
2025-05-30T17:22:38.068+02:00  INFO 6148 --- [           main] c.nnk.springboot.services.UserService    : Entrée dans la méthode pour ajouter un nouvel utilisateur.
Hibernate: delete from users where id=?
Hibernate: delete from users where id=?
Hibernate: delete from users where id=?
Hibernate: select u1_0.id,u1_0.fullname,u1_0.password,u1_0.role,u1_0.username from users u1_0 where u1_0.username=?
2025-05-30T17:22:38.135+02:00  INFO 6148 --- [           main] c.nnk.springboot.services.UserService    : Utilisateur sauvegardé avec succès.
2025-05-30T17:22:38.136+02:00  INFO 6148 --- [           main] c.nnk.springboot.services.UserService    : L'utilisateur sauvegardé : com.nnk.springboot.domain.User@3b90978b
2025-05-30T17:22:38.136+02:00  INFO 6148 --- [           main] c.nnk.springboot.services.UserService    : Tentative de récupération de la liste des utilisateurs.
Hibernate: insert into users (fullname,password,role,username,id) values (?,?,?,?,?)
Hibernate: select u1_0.id,u1_0.fullname,u1_0.password,u1_0.role,u1_0.username from users u1_0
2025-05-30T17:22:38.139+02:00  INFO 6148 --- [           main] c.nnk.springboot.services.UserService    : Liste des utilisateurs récupérée avec succès.
]]></system-out>
  </testcase>
  <testcase name="deleteUser_test" classname="com.nnk.springboot.integration.UserIntegrationTest" time="0.083">
    <system-out><![CDATA[Hibernate: select u1_0.id,u1_0.fullname,u1_0.password,u1_0.role,u1_0.username from users u1_0
2025-05-30T17:22:38.147+02:00  INFO 6148 --- [           main] c.nnk.springboot.services.UserService    : Entrée dans la méthode pour ajouter un nouvel utilisateur.
Hibernate: delete from users where id=?
Hibernate: delete from users where id=?
Hibernate: delete from users where id=?
Hibernate: select u1_0.id,u1_0.fullname,u1_0.password,u1_0.role,u1_0.username from users u1_0 where u1_0.username=?
2025-05-30T17:22:38.213+02:00  INFO 6148 --- [           main] c.nnk.springboot.services.UserService    : Utilisateur sauvegardé avec succès.
2025-05-30T17:22:38.213+02:00  INFO 6148 --- [           main] c.nnk.springboot.services.UserService    : L'utilisateur sauvegardé : com.nnk.springboot.domain.User@238d9fbc
2025-05-30T17:22:38.214+02:00  INFO 6148 --- [           main] c.nnk.springboot.services.UserService    : Tentative de récupération de la liste des utilisateurs.
Hibernate: insert into users (fullname,password,role,username,id) values (?,?,?,?,?)
Hibernate: select u1_0.id,u1_0.fullname,u1_0.password,u1_0.role,u1_0.username from users u1_0
2025-05-30T17:22:38.216+02:00  INFO 6148 --- [           main] c.nnk.springboot.services.UserService    : Liste des utilisateurs récupérée avec succès.
2025-05-30T17:22:38.218+02:00  INFO 6148 --- [           main] c.nnk.springboot.services.UserService    : Tentative de suppression de l'utilisateur avec l'ID : 14
2025-05-30T17:22:38.218+02:00  INFO 6148 --- [           main] c.nnk.springboot.services.UserService    : Tentative de récupération de l'utilisateur avec l'ID : 14
2025-05-30T17:22:38.219+02:00  INFO 6148 --- [           main] c.nnk.springboot.services.UserService    : Utilisateur avec l'ID 14 récupéré avec succès.
2025-05-30T17:22:38.220+02:00  INFO 6148 --- [           main] c.nnk.springboot.services.UserService    : Utilisateur avec l'ID 14 supprimé avec succès.
2025-05-30T17:22:38.221+02:00  INFO 6148 --- [           main] c.nnk.springboot.services.UserService    : Tentative de récupération de la liste des utilisateurs.
Hibernate: delete from users where id=?
Hibernate: select u1_0.id,u1_0.fullname,u1_0.password,u1_0.role,u1_0.username from users u1_0
2025-05-30T17:22:38.223+02:00  INFO 6148 --- [           main] c.nnk.springboot.services.UserService    : Liste des utilisateurs récupérée avec succès.
]]></system-out>
  </testcase>
  <testcase name="updateUser_test" classname="com.nnk.springboot.integration.UserIntegrationTest" time="0.144">
    <system-out><![CDATA[Hibernate: select u1_0.id,u1_0.fullname,u1_0.password,u1_0.role,u1_0.username from users u1_0
2025-05-30T17:22:38.232+02:00  INFO 6148 --- [           main] c.nnk.springboot.services.UserService    : Entrée dans la méthode pour ajouter un nouvel utilisateur.
Hibernate: delete from users where id=?
Hibernate: delete from users where id=?
Hibernate: delete from users where id=?
Hibernate: select u1_0.id,u1_0.fullname,u1_0.password,u1_0.role,u1_0.username from users u1_0 where u1_0.username=?
2025-05-30T17:22:38.296+02:00  INFO 6148 --- [           main] c.nnk.springboot.services.UserService    : Utilisateur sauvegardé avec succès.
2025-05-30T17:22:38.296+02:00  INFO 6148 --- [           main] c.nnk.springboot.services.UserService    : L'utilisateur sauvegardé : com.nnk.springboot.domain.User@74fc8c60
2025-05-30T17:22:38.297+02:00  INFO 6148 --- [           main] c.nnk.springboot.services.UserService    : Tentative de récupération de la liste des utilisateurs.
Hibernate: insert into users (fullname,password,role,username,id) values (?,?,?,?,?)
Hibernate: select u1_0.id,u1_0.fullname,u1_0.password,u1_0.role,u1_0.username from users u1_0
2025-05-30T17:22:38.299+02:00  INFO 6148 --- [           main] c.nnk.springboot.services.UserService    : Liste des utilisateurs récupérée avec succès.
2025-05-30T17:22:38.301+02:00  INFO 6148 --- [           main] c.nnk.springboot.services.UserService    : Tentative de mise à jour de l'utilisateur avec l'ID : 15
Hibernate: select u1_0.id,u1_0.fullname,u1_0.password,u1_0.role,u1_0.username from users u1_0 where u1_0.username=?
2025-05-30T17:22:38.364+02:00  INFO 6148 --- [           main] c.nnk.springboot.services.UserService    : Tentative de récupération de l'utilisateur avec l'ID : 15
2025-05-30T17:22:38.364+02:00  INFO 6148 --- [           main] c.nnk.springboot.services.UserService    : Utilisateur avec l'ID 15 récupéré avec succès.
2025-05-30T17:22:38.365+02:00  INFO 6148 --- [           main] c.nnk.springboot.services.UserService    : Utilisateur avec l'ID 15 mis à jour avec succès.
2025-05-30T17:22:38.365+02:00  INFO 6148 --- [           main] c.nnk.springboot.services.UserService    : Tentative de récupération de la liste des utilisateurs.
Hibernate: update users set fullname=?,password=?,role=?,username=? where id=?
Hibernate: select u1_0.id,u1_0.fullname,u1_0.password,u1_0.role,u1_0.username from users u1_0
2025-05-30T17:22:38.367+02:00  INFO 6148 --- [           main] c.nnk.springboot.services.UserService    : Liste des utilisateurs récupérée avec succès.
]]></system-out>
  </testcase>
  <testcase name="loginUser_test" classname="com.nnk.springboot.integration.UserIntegrationTest" time="0.145">
    <system-out><![CDATA[Hibernate: select u1_0.id,u1_0.fullname,u1_0.password,u1_0.role,u1_0.username from users u1_0
Hibernate: delete from users where id=?
Hibernate: delete from users where id=?
Hibernate: delete from users where id=?
2025-05-30T17:22:38.377+02:00  INFO 6148 --- [           main] c.nnk.springboot.services.UserService    : Entrée dans la méthode pour ajouter un nouvel utilisateur.
Hibernate: select u1_0.id,u1_0.fullname,u1_0.password,u1_0.role,u1_0.username from users u1_0 where u1_0.username=?
Hibernate: insert into users (fullname,password,role,username,id) values (?,?,?,?,?)
2025-05-30T17:22:38.441+02:00  INFO 6148 --- [           main] c.nnk.springboot.services.UserService    : Utilisateur sauvegardé avec succès.
2025-05-30T17:22:38.441+02:00  INFO 6148 --- [           main] c.nnk.springboot.services.UserService    : L'utilisateur sauvegardé : com.nnk.springboot.domain.User@3b51543
2025-05-30T17:22:38.442+02:00  INFO 6148 --- [           main] c.nnk.springboot.services.UserService    : Tentative de récupération de la liste des utilisateurs.
Hibernate: select u1_0.id,u1_0.fullname,u1_0.password,u1_0.role,u1_0.username from users u1_0
2025-05-30T17:22:38.445+02:00  INFO 6148 --- [           main] c.nnk.springboot.services.UserService    : Liste des utilisateurs récupérée avec succès.
2025-05-30T17:22:38.446+02:00  INFO 6148 --- [           main] c.n.s.services.CustomUserDetailService   : Tentative de chargement de l'utilisateur : testNico
Hibernate: select u1_0.id,u1_0.fullname,u1_0.password,u1_0.role,u1_0.username from users u1_0 where u1_0.username=?
2025-05-30T17:22:38.448+02:00  INFO 6148 --- [           main] c.n.s.services.CustomUserDetailService   : Utilisateur trouvé : testNico - Attribution des rôles
2025-05-30T17:22:38.509+02:00  INFO 6148 --- [           main] c.nnk.springboot.services.UserService    : Tentative de suppression de l'utilisateur avec l'ID : 16
2025-05-30T17:22:38.509+02:00  INFO 6148 --- [           main] c.nnk.springboot.services.UserService    : Tentative de récupération de l'utilisateur avec l'ID : 16
Hibernate: select u1_0.id,u1_0.fullname,u1_0.password,u1_0.role,u1_0.username from users u1_0 where u1_0.id=?
2025-05-30T17:22:38.511+02:00  INFO 6148 --- [           main] c.nnk.springboot.services.UserService    : Utilisateur avec l'ID 16 récupéré avec succès.
Hibernate: delete from users where id=?
2025-05-30T17:22:38.512+02:00  INFO 6148 --- [           main] c.nnk.springboot.services.UserService    : Utilisateur avec l'ID 16 supprimé avec succès.
]]></system-out>
  </testcase>
</testsuite>